#
# There is insufficient memory for the Java Runtime Environment to continue.
# Native memory allocation (mmap) failed to map 268435456 bytes for G1 virtual space
# Possible reasons:
#   The system is out of physical RAM or swap space
#   The process is running with CompressedOops enabled, and the Java Heap may be blocking the growth of the native heap
# Possible solutions:
#   Reduce memory load on the system
#   Increase physical memory or swap space
#   Check if swap backing store is full
#   Decrease Java heap size (-Xmx/-Xms)
#   Decrease number of Java threads
#   Decrease Java thread stack sizes (-Xss)
#   Set larger code cache with -XX:ReservedCodeCacheSize=
#   JVM is running with Zero Based Compressed Oops mode in which the Java heap is
#     placed in the first 32GB address space. The Java Heap base address is the
#     maximum limit for the native heap growth. Please use -XX:HeapBaseMinAddress
#     to set the Java Heap base and to place the Java Heap above 32GB virtual address.
# This output file may be truncated or incomplete.
#
#  Out of Memory Error (os_windows.cpp:3617), pid=30632, tid=27540
#
# JRE version:  (17.0.8.1+1) (build )
# Java VM: OpenJDK 64-Bit Server VM (17.0.8.1+1, mixed mode, sharing, tiered, compressed oops, compressed class ptrs, g1 gc, windows-amd64)
# No core dump will be written. Minidumps are not enabled by default on client versions of Windows
#

---------------  S U M M A R Y ------------

Command Line: -Dfile.encoding=UTF-8 -Dstdout.encoding=UTF-8 -Dstderr.encoding=UTF-8 -XX:+ShowCodeDetailsInExceptionMessages com.callor.blackjack.black

Host: Intel(R) Core(TM) i5-10400 CPU @ 2.90GHz, 12 cores, 15G,  Windows 11 , 64 bit Build 22621 (10.0.22621.2506)
Time: Wed Dec 13 13:31:06 2023  Windows 11 , 64 bit Build 22621 (10.0.22621.2506) elapsed time: 0.007953 seconds (0d 0h 0m 0s)

---------------  T H R E A D  ---------------

Current thread (0x000001cf2aa93470):  JavaThread "Unknown thread" [_thread_in_vm, id=27540, stack(0x000000400f100000,0x000000400f200000)]

Stack: [0x000000400f100000,0x000000400f200000]
Native frames: (J=compiled Java code, j=interpreted, Vv=VM code, C=native code)
V  [jvm.dll+0x678b0a]
V  [jvm.dll+0x835e84]
V  [jvm.dll+0x83762e]
V  [jvm.dll+0x837c93]
V  [jvm.dll+0x24746f]
V  [jvm.dll+0x675859]
V  [jvm.dll+0x66a0ea]
V  [jvm.dll+0x306c7b]
V  [jvm.dll+0x30e166]
V  [jvm.dll+0x35dd3e]
V  [jvm.dll+0x35df6f]
V  [jvm.dll+0x2ddb48]
V  [jvm.dll+0x2deab4]
V  [jvm.dll+0x807f31]
V  [jvm.dll+0x36bb21]
V  [jvm.dll+0x7e733c]
V  [jvm.dll+0x3ee4af]
V  [jvm.dll+0x3f00c1]
C  [jli.dll+0x528b]
C  [ucrtbase.dll+0x29363]
C  [KERNEL32.DLL+0x1257d]
C  [ntdll.dll+0x5aa58]


---------------  P R O C E S S  ---------------

Threads class SMR info:
_java_thread_list=0x00007ff8c4cda018, length=0, elements={
}

Java Threads: ( => current thread )

Other Threads:
  0x000001cf2ab01070 GCTaskThread "GC Thread#0" [stack: 0x000000400f200000,0x000000400f300000] [id=28820]
  0x000001cf2ab11e90 ConcurrentGCThread "G1 Main Marker" [stack: 0x000000400f300000,0x000000400f400000] [id=26764]
  0x000001cf2ab128a0 ConcurrentGCThread "G1 Conc#0" [stack: 0x000000400f400000,0x000000400f500000] [id=30480]

[error occurred during error reporting (printing all threads), id 0xc0000005, EXCEPTION_ACCESS_VIOLATION (0xc0000005) at pc=0x00007ff8c44ae587]

VM state: not at safepoint (not fully initialized)

VM Mutex/Monitor currently owned by a thread:  ([mutex/lock_event])
[0x000001cf2aa8dc20] Heap_lock - owner thread: 0x000001cf2aa93470

Heap address: 0x0000000701200000, size: 4078 MB, Compressed Oops mode: Zero based, Oop shift amount: 3

CDS archive(s) mapped at: [0x0000000000000000-0x0000000000000000-0x0000000000000000), size 0, SharedBaseAddress: 0x0000000800000000, ArchiveRelocationMode: 1.
Narrow klass base: 0x0000000000000000, Narrow klass shift: 0, Narrow klass range: 0x0

GC Precious Log:
<Empty>

Heap:
 garbage-first heap   total 0K, used 0K [0x0000000701200000, 0x0000000800000000)
  region size 2048K, 0 young (0K), 0 survivors (0K)

[error occurred during error reporting (printing heap information), id 0xc0000005, EXCEPTION_ACCESS_VIOLATION (0xc0000005) at pc=0x00007ff8c4892699]

GC Heap History (0 events):
No events

Dll operation events (1 events):
Event: 0.006 Loaded shared library C:\Users\KMS505203\Documents\workspace\eclipse\plugins\org.eclipse.justj.openjdk.hotspot.jre.full.win32.x86_64_17.0.8.v20230831-1047\jre\bin\java.dll

Deoptimization events (0 events):
No events

Classes unloaded (0 events):
No events

Classes redefined (0 events):
No events

Internal exceptions (0 events):
No events

VM Operations (0 events):
No events

Events (0 events):
No events


Dynamic libraries:
0x00007ff6279e0000 - 0x00007ff6279ee000 	C:\Users\KMS505203\Documents\workspace\eclipse\plugins\org.eclipse.justj.openjdk.hotspot.jre.full.win32.x86_64_17.0.8.v20230831-1047\jre\bin\javaw.exe
0x00007ff90c9d0000 - 0x00007ff90cbe7000 	C:\WINDOWS\SYSTEM32\ntdll.dll
0x00007ff90b4d0000 - 0x00007ff90b594000 	C:\WINDOWS\System32\KERNEL32.DLL
0x00007ff90a0b0000 - 0x00007ff90a455000 	C:\WINDOWS\System32\KERNELBASE.dll
0x00007ff90a600000 - 0x00007ff90a711000 	C:\WINDOWS\System32\ucrtbase.dll
0x00007ff8ffc90000 - 0x00007ff8ffca9000 	C:\Users\KMS505203\Documents\workspace\eclipse\plugins\org.eclipse.justj.openjdk.hotspot.jre.full.win32.x86_64_17.0.8.v20230831-1047\jre\bin\VCRUNTIME140.dll
0x00007ff9002b0000 - 0x00007ff9002c7000 	C:\Users\KMS505203\Documents\workspace\eclipse\plugins\org.eclipse.justj.openjdk.hotspot.jre.full.win32.x86_64_17.0.8.v20230831-1047\jre\bin\jli.dll
0x00007ff90b060000 - 0x00007ff90b20e000 	C:\WINDOWS\System32\USER32.dll
0x00007ff90a5d0000 - 0x00007ff90a5f6000 	C:\WINDOWS\System32\win32u.dll
0x00007ff90b4a0000 - 0x00007ff90b4c9000 	C:\WINDOWS\System32\GDI32.dll
0x00007ff8f5110000 - 0x00007ff8f53a3000 	C:\WINDOWS\WinSxS\amd64_microsoft.windows.common-controls_6595b64144ccf1df_6.0.22621.2506_none_270c5ae97388e100\COMCTL32.dll
0x00007ff909f10000 - 0x00007ff90a029000 	C:\WINDOWS\System32\gdi32full.dll
0x00007ff909e70000 - 0x00007ff909f0a000 	C:\WINDOWS\System32\msvcp_win.dll
0x00007ff90b340000 - 0x00007ff90b3e7000 	C:\WINDOWS\System32\msvcrt.dll
0x00007ff90c0f0000 - 0x00007ff90c121000 	C:\WINDOWS\System32\IMM32.DLL
0x00007ff9070a0000 - 0x00007ff9070ac000 	C:\Users\KMS505203\Documents\workspace\eclipse\plugins\org.eclipse.justj.openjdk.hotspot.jre.full.win32.x86_64_17.0.8.v20230831-1047\jre\bin\vcruntime140_1.dll
0x00007ff8ff9f0000 - 0x00007ff8ffa81000 	C:\Users\KMS505203\Documents\workspace\eclipse\plugins\org.eclipse.justj.openjdk.hotspot.jre.full.win32.x86_64_17.0.8.v20230831-1047\jre\bin\msvcp140.dll
0x00007ff8c41c0000 - 0x00007ff8c4e0c000 	C:\Users\KMS505203\Documents\workspace\eclipse\plugins\org.eclipse.justj.openjdk.hotspot.jre.full.win32.x86_64_17.0.8.v20230831-1047\jre\bin\server\jvm.dll
0x00007ff90ada0000 - 0x00007ff90ae51000 	C:\WINDOWS\System32\ADVAPI32.dll
0x00007ff90b6c0000 - 0x00007ff90b766000 	C:\WINDOWS\System32\sechost.dll
0x00007ff90b5a0000 - 0x00007ff90b6b7000 	C:\WINDOWS\System32\RPCRT4.dll
0x00007ff8ff900000 - 0x00007ff8ff934000 	C:\WINDOWS\SYSTEM32\WINMM.dll
0x00007ff8ffe90000 - 0x00007ff8ffe99000 	C:\WINDOWS\SYSTEM32\WSOCK32.dll
0x00007ff908fe0000 - 0x00007ff90902d000 	C:\WINDOWS\SYSTEM32\POWRPROF.dll
0x00007ff9041a0000 - 0x00007ff9041aa000 	C:\WINDOWS\SYSTEM32\VERSION.dll
0x00007ff90b2c0000 - 0x00007ff90b331000 	C:\WINDOWS\System32\WS2_32.dll
0x00007ff908f10000 - 0x00007ff908f23000 	C:\WINDOWS\SYSTEM32\UMPDC.dll
0x00007ff908ce0000 - 0x00007ff908cf8000 	C:\WINDOWS\SYSTEM32\kernel.appcore.dll
0x00007ff8f8310000 - 0x00007ff8f831a000 	C:\Users\KMS505203\Documents\workspace\eclipse\plugins\org.eclipse.justj.openjdk.hotspot.jre.full.win32.x86_64_17.0.8.v20230831-1047\jre\bin\jimage.dll
0x00007ff8f53b0000 - 0x00007ff8f55e3000 	C:\WINDOWS\SYSTEM32\DBGHELP.DLL
0x00007ff90a920000 - 0x00007ff90aca9000 	C:\WINDOWS\System32\combase.dll
0x00007ff90acc0000 - 0x00007ff90ad97000 	C:\WINDOWS\System32\OLEAUT32.dll
0x00007ff8f7d50000 - 0x00007ff8f7d82000 	C:\WINDOWS\SYSTEM32\dbgcore.DLL
0x00007ff90a030000 - 0x00007ff90a0aa000 	C:\WINDOWS\System32\bcryptPrimitives.dll
0x00007ff8cbc90000 - 0x00007ff8cbcb5000 	C:\Users\KMS505203\Documents\workspace\eclipse\plugins\org.eclipse.justj.openjdk.hotspot.jre.full.win32.x86_64_17.0.8.v20230831-1047\jre\bin\java.dll

dbghelp: loaded successfully - version: 4.0.5 - missing functions: none
symbol engine: initialized successfully - sym options: 0x614 - pdb path: .;C:\Users\KMS505203\Documents\workspace\eclipse\plugins\org.eclipse.justj.openjdk.hotspot.jre.full.win32.x86_64_17.0.8.v20230831-1047\jre\bin;C:\WINDOWS\SYSTEM32;C:\WINDOWS\WinSxS\amd64_microsoft.windows.common-controls_6595b64144ccf1df_6.0.22621.2506_none_270c5ae97388e100;C:\Users\KMS505203\Documents\workspace\eclipse\plugins\org.eclipse.justj.openjdk.hotspot.jre.full.win32.x86_64_17.0.8.v20230831-1047\jre\bin\server

VM Arguments:
jvm_args: -Dfile.encoding=UTF-8 -Dstdout.encoding=UTF-8 -Dstderr.encoding=UTF-8 -XX:+ShowCodeDetailsInExceptionMessages 
java_command: com.callor.blackjack.black
java_class_path (initial): C:\Users\KMS505203\Documents\workspace\java-works\Black\bin
Launcher Type: SUN_STANDARD

[Global flags]
     intx CICompilerCount                          = 4                                         {product} {ergonomic}
     uint ConcGCThreads                            = 3                                         {product} {ergonomic}
     uint G1ConcRefinementThreads                  = 10                                        {product} {ergonomic}
   size_t G1HeapRegionSize                         = 2097152                                   {product} {ergonomic}
    uintx GCDrainStackTargetSize                   = 64                                        {product} {ergonomic}
   size_t InitialHeapSize                          = 268435456                                 {product} {ergonomic}
   size_t MarkStackSize                            = 4194304                                   {product} {ergonomic}
   size_t MaxHeapSize                              = 4276092928                                {product} {ergonomic}
   size_t MinHeapDeltaBytes                        = 2097152                                   {product} {ergonomic}
   size_t MinHeapSize                              = 8388608                                   {product} {ergonomic}
    uintx NonNMethodCodeHeapSize                   = 5839372                                {pd product} {ergonomic}
    uintx NonProfiledCodeHeapSize                  = 122909434                              {pd product} {ergonomic}
    uintx ProfiledCodeHeapSize                     = 122909434                              {pd product} {ergonomic}
    uintx ReservedCodeCacheSize                    = 251658240                              {pd product} {ergonomic}
     bool SegmentedCodeCache                       = true                                      {product} {ergonomic}
     bool ShowCodeDetailsInExceptionMessages       = true                                   {manageable} {command line}
   size_t SoftMaxHeapSize                          = 4276092928                             {manageable} {ergonomic}
     bool UseCompressedClassPointers               = true                           {product lp64_product} {ergonomic}
     bool UseCompressedOops                        = true                           {product lp64_product} {ergonomic}
     bool UseG1GC                                  = true                                      {product} {ergonomic}
     bool UseLargePagesIndividualAllocation        = false                                  {pd product} {ergonomic}

Logging:
Log output configuration:
 #0: stdout all=warning uptime,level,tags
 #1: stderr all=off uptime,level,tags

Environment Variables:
PATH=C:/Users/KMS505203/Documents/workspace/eclipse//plugins/org.eclipse.justj.openjdk.hotspot.jre.full.win32.x86_64_17.0.8.v20230831-1047/jre/bin/server;C:/Users/KMS505203/Documents/workspace/eclipse//plugins/org.eclipse.justj.openjdk.hotspot.jre.full.win32.x86_64_17.0.8.v20230831-1047/jre/bin;C:\Program Files\Common Files\Oracle\Java\javapath;C:\WINDOWS\system32;C:\WINDOWS;C:\WINDOWS\System32\Wbem;C:\WINDOWS\System32\WindowsPowerShell\v1.0\;C:\WINDOWS\System32\OpenSSH\;C:\Program Files\Git\cmd;C:\Users\KMS505203\AppData\Local\Microsoft\WindowsApps;;C:\Users\KMS505203\Documents\workspace\eclipse;
USERNAME=KMS505203
OS=Windows_NT
PROCESSOR_IDENTIFIER=Intel64 Family 6 Model 165 Stepping 5, GenuineIntel
TMP=C:\Users\KMS505~1\AppData\Local\Temp
TEMP=C:\Users\KMS505~1\AppData\Local\Temp



---------------  S Y S T E M  ---------------

OS:
 Windows 11 , 64 bit Build 22621 (10.0.22621.2506)
OS uptime: 22 days 0:12 hours

CPU: total 12 (initial active 12) (6 cores per cpu, 2 threads per core) family 6 model 165 stepping 5 microcode 0xec, cx8, cmov, fxsr, ht, mmx, 3dnowpref, sse, sse2, sse3, ssse3, sse4.1, sse4.2, popcnt, lzcnt, tsc, tscinvbit, avx, avx2, aes, erms, clmul, bmi1, bmi2, adx, fma, vzeroupper, clflush, clflushopt
Processor Information for all 12 processors :
  Max Mhz: 2904, Current Mhz: 2904, Mhz Limit: 2904

Memory: 4k page, system-wide physical 16311M (6722M free)
TotalPageFile size 65452M (AvailPageFile size 200M)
current process WorkingSet (physical memory assigned to process): 11M, peak: 11M
current process commit charge ("private bytes"): 64M, peak: 320M

vm_info: OpenJDK 64-Bit Server VM (17.0.8.1+1) for windows-amd64 JRE (17.0.8.1+1), built on Aug 23 2023 15:29:17 by "admin" with MS VC++ 16.7 (VS2019)

END.
